<?xml version="1.0" encoding="UTF-8"?>
<testsuite xmlns:xsi="http://www.w3.org/2001/XMLSchema-instance" xsi:noNamespaceSchemaLocation="https://maven.apache.org/surefire/maven-surefire-plugin/xsd/surefire-test-report.xsd" name="com.test.runner.Runner" time="1.182" tests="1" errors="0" skipped="0" failures="0">
  <properties>
    <property name="user.variant" value=""/>
    <property name="java.vm.info" value="mixed mode"/>
    <property name="file.encoding.pkg" value="sun.io"/>
    <property name="file.encoding" value="Cp1252"/>
    <property name="java.specification.name" value="Java Platform API Specification"/>
    <property name="sun.os.patch.level" value="Service Pack 1"/>
    <property name="user.dir" value="C:\workspace\flipkart-automation"/>
    <property name="line.separator" value="&#10;"/>
    <property name="cucumber.options" value="--tags @Login-123"/>
    <property name="java.home" value="C:\Program Files\Java\jdk1.7.0\jre"/>
    <property name="user.home" value="C:\Users\Nilendra"/>
    <property name="localRepository" value="C:\Users\Nilendra\.m2\repository"/>
    <property name="sun.java.launcher" value="SUN_STANDARD"/>
    <property name="user.name" value="Nilendra"/>
    <property name="sun.boot.library.path" value="C:\Program Files\Java\jdk1.7.0\jre\bin"/>
    <property name="java.class.version" value="51.0"/>
    <property name="user.language" value="en"/>
    <property name="java.vendor.url.bug" value="http://bugreport.sun.com/bugreport/"/>
    <property name="sun.jnu.encoding" value="Cp1252"/>
    <property name="java.io.tmpdir" value="C:\Users\Nilendra\AppData\Local\Temp\"/>
    <property name="java.specification.vendor" value="Oracle Corporation"/>
    <property name="file.separator" value="\"/>
    <property name="java.class.path" value="C:\workspace\flipkart-automation\target\test-classes;C:\workspace\flipkart-automation\target\classes;C:\Users\Nilendra\.m2\repository\org\seleniumhq\selenium\selenium-java\2.53.0\selenium-java-2.53.0.jar;C:\Users\Nilendra\.m2\repository\org\seleniumhq\selenium\selenium-chrome-driver\2.53.0\selenium-chrome-driver-2.53.0.jar;C:\Users\Nilendra\.m2\repository\org\seleniumhq\selenium\selenium-edge-driver\2.53.0\selenium-edge-driver-2.53.0.jar;C:\Users\Nilendra\.m2\repository\commons-io\commons-io\2.4\commons-io-2.4.jar;C:\Users\Nilendra\.m2\repository\org\apache\commons\commons-exec\1.3\commons-exec-1.3.jar;C:\Users\Nilendra\.m2\repository\org\seleniumhq\selenium\selenium-firefox-driver\2.53.0\selenium-firefox-driver-2.53.0.jar;C:\Users\Nilendra\.m2\repository\org\seleniumhq\selenium\selenium-ie-driver\2.53.0\selenium-ie-driver-2.53.0.jar;C:\Users\Nilendra\.m2\repository\net\java\dev\jna\jna\4.1.0\jna-4.1.0.jar;C:\Users\Nilendra\.m2\repository\net\java\dev\jna\jna-platform\4.1.0\jna-platform-4.1.0.jar;C:\Users\Nilendra\.m2\repository\org\seleniumhq\selenium\selenium-safari-driver\2.53.0\selenium-safari-driver-2.53.0.jar;C:\Users\Nilendra\.m2\repository\io\netty\netty\3.5.7.Final\netty-3.5.7.Final.jar;C:\Users\Nilendra\.m2\repository\org\seleniumhq\selenium\selenium-support\2.53.0\selenium-support-2.53.0.jar;C:\Users\Nilendra\.m2\repository\org\seleniumhq\selenium\selenium-leg-rc\2.53.0\selenium-leg-rc-2.53.0.jar;C:\Users\Nilendra\.m2\repository\org\testng\testng\6.14.2\testng-6.14.2.jar;C:\Users\Nilendra\.m2\repository\com\beust\jcommander\1.72\jcommander-1.72.jar;C:\Users\Nilendra\.m2\repository\org\apache-extras\beanshell\bsh\2.0b6\bsh-2.0b6.jar;C:\Users\Nilendra\.m2\repository\info\cukes\cucumber-testng\1.2.5\cucumber-testng-1.2.5.jar;C:\Users\Nilendra\.m2\repository\info\cukes\cucumber-core\1.2.5\cucumber-core-1.2.5.jar;C:\Users\Nilendra\.m2\repository\info\cukes\cucumber-html\0.2.3\cucumber-html-0.2.3.jar;C:\Users\Nilendra\.m2\repository\info\cukes\cucumber-jvm-deps\1.0.5\cucumber-jvm-deps-1.0.5.jar;C:\Users\Nilendra\.m2\repository\info\cukes\gherkin\2.12.2\gherkin-2.12.2.jar;C:\Users\Nilendra\.m2\repository\log4j\log4j\1.2.17\log4j-1.2.17.jar;C:\Users\Nilendra\.m2\repository\com\codeborne\phantomjsdriver\1.3.0\phantomjsdriver-1.3.0.jar;C:\Users\Nilendra\.m2\repository\org\seleniumhq\selenium\selenium-remote-driver\2.53.0\selenium-remote-driver-2.53.0.jar;C:\Users\Nilendra\.m2\repository\cglib\cglib-nodep\2.1_3\cglib-nodep-2.1_3.jar;C:\Users\Nilendra\.m2\repository\com\google\code\gson\gson\2.3.1\gson-2.3.1.jar;C:\Users\Nilendra\.m2\repository\org\seleniumhq\selenium\selenium-api\2.53.0\selenium-api-2.53.0.jar;C:\Users\Nilendra\.m2\repository\org\apache\httpcomponents\httpclient\4.5.1\httpclient-4.5.1.jar;C:\Users\Nilendra\.m2\repository\org\apache\httpcomponents\httpcore\4.4.3\httpcore-4.4.3.jar;C:\Users\Nilendra\.m2\repository\commons-logging\commons-logging\1.2\commons-logging-1.2.jar;C:\Users\Nilendra\.m2\repository\commons-codec\commons-codec\1.9\commons-codec-1.9.jar;C:\Users\Nilendra\.m2\repository\com\google\guava\guava\19.0\guava-19.0.jar;C:\Users\Nilendra\.m2\repository\info\cukes\cucumber-java\1.2.5\cucumber-java-1.2.5.jar;C:\Users\Nilendra\.m2\repository\org\apache\maven\surefire\surefire-testng-utils\2.20.1\surefire-testng-utils-2.20.1.jar;C:\Users\Nilendra\.m2\repository\org\apache\maven\surefire\surefire-grouper\2.20.1\surefire-grouper-2.20.1.jar;"/>
    <property name="java.vm.vendor" value="Oracle Corporation"/>
    <property name="sun.cpu.endian" value="little"/>
    <property name="java.vm.specification.vendor" value="Oracle Corporation"/>
    <property name="java.specification.version" value="1.7"/>
    <property name="user.script" value=""/>
    <property name="awt.toolkit" value="sun.awt.windows.WToolkit"/>
    <property name="sun.java.command" value="C:\Users\Nilendra\AppData\Local\Temp\surefire2763237554738453997\surefirebooter3950630911768054894.jar C:\Users\Nilendra\AppData\Local\Temp\surefire2763237554738453997 2018-02-16T00-06-00_801-jvmRun1 surefire6631048372006887676tmp surefire_07736711438351693294tmp"/>
    <property name="user.timezone" value=""/>
    <property name="surefire.test.class.path" value="C:\workspace\flipkart-automation\target\test-classes;C:\workspace\flipkart-automation\target\classes;C:\Users\Nilendra\.m2\repository\org\seleniumhq\selenium\selenium-java\2.53.0\selenium-java-2.53.0.jar;C:\Users\Nilendra\.m2\repository\org\seleniumhq\selenium\selenium-chrome-driver\2.53.0\selenium-chrome-driver-2.53.0.jar;C:\Users\Nilendra\.m2\repository\org\seleniumhq\selenium\selenium-edge-driver\2.53.0\selenium-edge-driver-2.53.0.jar;C:\Users\Nilendra\.m2\repository\commons-io\commons-io\2.4\commons-io-2.4.jar;C:\Users\Nilendra\.m2\repository\org\apache\commons\commons-exec\1.3\commons-exec-1.3.jar;C:\Users\Nilendra\.m2\repository\org\seleniumhq\selenium\selenium-firefox-driver\2.53.0\selenium-firefox-driver-2.53.0.jar;C:\Users\Nilendra\.m2\repository\org\seleniumhq\selenium\selenium-ie-driver\2.53.0\selenium-ie-driver-2.53.0.jar;C:\Users\Nilendra\.m2\repository\net\java\dev\jna\jna\4.1.0\jna-4.1.0.jar;C:\Users\Nilendra\.m2\repository\net\java\dev\jna\jna-platform\4.1.0\jna-platform-4.1.0.jar;C:\Users\Nilendra\.m2\repository\org\seleniumhq\selenium\selenium-safari-driver\2.53.0\selenium-safari-driver-2.53.0.jar;C:\Users\Nilendra\.m2\repository\io\netty\netty\3.5.7.Final\netty-3.5.7.Final.jar;C:\Users\Nilendra\.m2\repository\org\seleniumhq\selenium\selenium-support\2.53.0\selenium-support-2.53.0.jar;C:\Users\Nilendra\.m2\repository\org\seleniumhq\selenium\selenium-leg-rc\2.53.0\selenium-leg-rc-2.53.0.jar;C:\Users\Nilendra\.m2\repository\org\testng\testng\6.14.2\testng-6.14.2.jar;C:\Users\Nilendra\.m2\repository\com\beust\jcommander\1.72\jcommander-1.72.jar;C:\Users\Nilendra\.m2\repository\org\apache-extras\beanshell\bsh\2.0b6\bsh-2.0b6.jar;C:\Users\Nilendra\.m2\repository\info\cukes\cucumber-testng\1.2.5\cucumber-testng-1.2.5.jar;C:\Users\Nilendra\.m2\repository\info\cukes\cucumber-core\1.2.5\cucumber-core-1.2.5.jar;C:\Users\Nilendra\.m2\repository\info\cukes\cucumber-html\0.2.3\cucumber-html-0.2.3.jar;C:\Users\Nilendra\.m2\repository\info\cukes\cucumber-jvm-deps\1.0.5\cucumber-jvm-deps-1.0.5.jar;C:\Users\Nilendra\.m2\repository\info\cukes\gherkin\2.12.2\gherkin-2.12.2.jar;C:\Users\Nilendra\.m2\repository\log4j\log4j\1.2.17\log4j-1.2.17.jar;C:\Users\Nilendra\.m2\repository\com\codeborne\phantomjsdriver\1.3.0\phantomjsdriver-1.3.0.jar;C:\Users\Nilendra\.m2\repository\org\seleniumhq\selenium\selenium-remote-driver\2.53.0\selenium-remote-driver-2.53.0.jar;C:\Users\Nilendra\.m2\repository\cglib\cglib-nodep\2.1_3\cglib-nodep-2.1_3.jar;C:\Users\Nilendra\.m2\repository\com\google\code\gson\gson\2.3.1\gson-2.3.1.jar;C:\Users\Nilendra\.m2\repository\org\seleniumhq\selenium\selenium-api\2.53.0\selenium-api-2.53.0.jar;C:\Users\Nilendra\.m2\repository\org\apache\httpcomponents\httpclient\4.5.1\httpclient-4.5.1.jar;C:\Users\Nilendra\.m2\repository\org\apache\httpcomponents\httpcore\4.4.3\httpcore-4.4.3.jar;C:\Users\Nilendra\.m2\repository\commons-logging\commons-logging\1.2\commons-logging-1.2.jar;C:\Users\Nilendra\.m2\repository\commons-codec\commons-codec\1.9\commons-codec-1.9.jar;C:\Users\Nilendra\.m2\repository\com\google\guava\guava\19.0\guava-19.0.jar;C:\Users\Nilendra\.m2\repository\info\cukes\cucumber-java\1.2.5\cucumber-java-1.2.5.jar;C:\Users\Nilendra\.m2\repository\org\apache\maven\surefire\surefire-testng-utils\2.20.1\surefire-testng-utils-2.20.1.jar;C:\Users\Nilendra\.m2\repository\org\apache\maven\surefire\surefire-grouper\2.20.1\surefire-grouper-2.20.1.jar;"/>
    <property name="java.runtime.version" value="1.7.0-b147"/>
    <property name="java.vendor" value="Oracle Corporation"/>
    <property name="sun.management.compiler" value="HotSpot 64-Bit Tiered Compilers"/>
    <property name="sun.arch.data.model" value="64"/>
    <property name="user.country.format" value="IN"/>
    <property name="os.arch" value="amd64"/>
    <property name="sun.io.unicode.encoding" value="UnicodeLittle"/>
    <property name="java.awt.printerjob" value="sun.awt.windows.WPrinterJob"/>
    <property name="path.separator" value=";"/>
    <property name="java.runtime.name" value="Java(TM) SE Runtime Environment"/>
    <property name="java.vendor.url" value="http://java.oracle.com/"/>
    <property name="sun.boot.class.path" value="C:\Program Files\Java\jdk1.7.0\jre\lib\resources.jar;C:\Program Files\Java\jdk1.7.0\jre\lib\rt.jar;C:\Program Files\Java\jdk1.7.0\jre\lib\sunrsasign.jar;C:\Program Files\Java\jdk1.7.0\jre\lib\jsse.jar;C:\Program Files\Java\jdk1.7.0\jre\lib\jce.jar;C:\Program Files\Java\jdk1.7.0\jre\lib\charsets.jar;C:\Program Files\Java\jdk1.7.0\jre\classes"/>
    <property name="surefire.real.class.path" value="C:\Users\Nilendra\AppData\Local\Temp\surefire2763237554738453997\surefirebooter3950630911768054894.jar"/>
    <property name="java.endorsed.dirs" value="C:\Program Files\Java\jdk1.7.0\jre\lib\endorsed"/>
    <property name="TEST_PLATFORM" value="WIN"/>
    <property name="sun.desktop" value="windows"/>
    <property name="java.vm.version" value="21.0-b17"/>
    <property name="os.name" value="Windows 7"/>
    <property name="java.vm.specification.version" value="1.7"/>
    <property name="sun.cpu.isalist" value="amd64"/>
    <property name="java.version" value="1.7.0"/>
    <property name="java.vm.specification.name" value="Java Virtual Machine Specification"/>
    <property name="java.ext.dirs" value="C:\Program Files\Java\jdk1.7.0\jre\lib\ext;C:\Windows\Sun\Java\lib\ext"/>
    <property name="os.version" value="6.1"/>
    <property name="basedir" value="C:\workspace\flipkart-automation"/>
    <property name="java.library.path" value="C:\Program Files\Java\jdk1.7.0\jre\bin;C:\Windows\Sun\Java\bin;C:\Windows\system32;C:\Windows;C:\oraclexe\app\oracle\product\10.2.0\server\bin;C:\ProgramData\Oracle\Java\javapath;C:\Program Files (x86)\HP SimplePass 2011\x64;C:\Program Files (x86)\HP SimplePass 2011\;C:\Program Files\Common Files\Microsoft Shared\Windows Live;C:\Program Files (x86)\Common Files\Microsoft Shared\Windows Live;C:\Windows\system32;C:\Windows;C:\Windows\System32\Wbem;C:\Windows\System32\WindowsPowerShell\v1.0\;C:\Program Files (x86)\Windows Live\Shared;C:\Program Files (x86)\ATI Technologies\ATI.ACE\Core-Static;C:\Program Files\Broadcom\Broadcom 802.11\Driver;C:\Program Files\WIDCOMM\Bluetooth Software\;C:\Program Files\WIDCOMM\Bluetooth Software\syswow64;C:\xampp\mysql\bin;c:\Program Files (x86)\Microsoft SQL Server\90\Tools\binn\;c:\Program Files (x86)\Microsoft SQL Server\100\Tools\Binn\VSShell\Common7\IDE\;c:\Program Files (x86)\Microsoft SQL Server\100\Tools\Binn\;c:\Program Files\Microsoft SQL Server\100\Tools\Binn\;c:\Program Files (x86)\Microsoft SQL Server\100\DTS\Binn\;C:\Program Files\Apache\maven\bin;C:\Program Files (x86)\Skype\Phone\;C:\Program Files\Git\cmd;."/>
    <property name="java.awt.graphicsenv" value="sun.awt.Win32GraphicsEnvironment"/>
    <property name="TEST_BROWSER" value="chrome"/>
    <property name="java.vm.name" value="Java HotSpot(TM) 64-Bit Server VM"/>
    <property name="user.country" value="US"/>
  </properties>
  <testcase name="feature" classname="com.test.runner.Runner$TestRunner" time="0.185"/>
</testsuite>