<?xml version="1.0" encoding="UTF-8"?>
<!-- Generated by org.testng.reporters.JUnitReportReporter -->
<testsuite skipped="0" hostname="Nilendra-HP" name="com.test.runner.Runner$TestRunner" tests="1" failures="0" timestamp="15 Feb 2018 18:36:03 GMT" time="0.185" errors="0">
  <testcase name="feature" time="0.185" classname="com.test.runner.Runner$TestRunner"/>
</testsuite> <!-- com.test.runner.Runner$TestRunner -->
