<?xml version="1.0" encoding="UTF-8"?>
<!-- Generated by org.testng.reporters.JUnitReportReporter -->
<testsuite skipped="0" hostname="Nilendra-HP" name="com.test.runner.Runner$TestRunner" tests="1" failures="0" timestamp="14 Feb 2018 22:34:38 GMT" time="37.827" errors="0">
  <testcase name="feature" time="37.827" classname="com.test.runner.Runner$TestRunner"/>
</testsuite> <!-- com.test.runner.Runner$TestRunner -->
