<?xml version="1.0" encoding="UTF-8"?>
<!-- Generated by org.testng.reporters.JUnitReportReporter -->
<testsuite skipped="0" hostname="Nilendra-HP" name="com.test.runner.Runner$TestRunner" tests="1" failures="0" timestamp="15 Feb 2018 16:22:06 GMT" time="5.187" errors="0">
  <testcase name="feature" time="5.187" classname="com.test.runner.Runner$TestRunner"/>
</testsuite> <!-- com.test.runner.Runner$TestRunner -->
